<?xml version="1.0" encoding="UTF-8"?>
<testng-results skipped="0" failed="0" total="1" passed="1">
  <reporter-output>
  </reporter-output>
  <suite name="Surefire suite" duration-ms="1395" started-at="2019-03-21T15:59:35Z" finished-at="2019-03-21T15:59:37Z">
    <groups>
      <group name="cucumber">
        <method signature="TestRunner.feature(cucumber.api.testng.CucumberFeatureWrapper)[pri:0, instance:TestRunner.TestRunner@5315b42e]" name="feature" class="TestRunner.TestRunner"/>
      </group> <!-- cucumber -->
    </groups>
    <test name="Surefire test" duration-ms="1395" started-at="2019-03-21T15:59:35Z" finished-at="2019-03-21T15:59:37Z">
      <class name="TestRunner.TestRunner">
        <test-method status="PASS" signature="setUpClass()[pri:0, instance:TestRunner.TestRunner@5315b42e]" name="setUpClass" is-config="true" duration-ms="589" started-at="2019-03-21T15:59:35Z" finished-at="2019-03-21T15:59:36Z">
          <reporter-output>
          </reporter-output>
        </test-method> <!-- setUpClass -->
        <test-method status="PASS" signature="feature(cucumber.api.testng.CucumberFeatureWrapper)[pri:0, instance:TestRunner.TestRunner@5315b42e]" name="feature" duration-ms="100" started-at="2019-03-21T15:59:36Z" description="Runs Cucumber Feature" data-provider="features" finished-at="2019-03-21T15:59:36Z">
          <params>
            <param index="0">
              <value>
                <![CDATA[Login Profile]]>
              </value>
            </param>
          </params>
          <reporter-output>
          </reporter-output>
        </test-method> <!-- feature -->
        <test-method status="PASS" signature="tearDownClass()[pri:0, instance:TestRunner.TestRunner@5315b42e]" name="tearDownClass" is-config="true" duration-ms="418" started-at="2019-03-21T15:59:36Z" finished-at="2019-03-21T15:59:37Z">
          <reporter-output>
          </reporter-output>
        </test-method> <!-- tearDownClass -->
      </class> <!-- TestRunner.TestRunner -->
    </test> <!-- Surefire test -->
  </suite> <!-- Surefire suite -->
</testng-results>
