<?xml version="1.0" encoding="UTF-8"?>
<testng-results skipped="0" failed="0" total="1" passed="1">
  <reporter-output>
  </reporter-output>
  <suite name="Surefire suite" duration-ms="22844" started-at="2019-05-25T17:09:05Z" finished-at="2019-05-25T17:09:28Z">
    <groups>
      <group name="cucumber">
        <method signature="TestRunner.feature(cucumber.api.testng.CucumberFeatureWrapper)[pri:0, instance:TestRunner.TestRunner@7c0e2abd]" name="feature" class="TestRunner.TestRunner"/>
      </group> <!-- cucumber -->
    </groups>
    <test name="Surefire test" duration-ms="22844" started-at="2019-05-25T17:09:05Z" finished-at="2019-05-25T17:09:28Z">
      <class name="TestRunner.TestRunner">
        <test-method status="PASS" signature="setUpClass()[pri:0, instance:TestRunner.TestRunner@7c0e2abd]" name="setUpClass" is-config="true" duration-ms="635" started-at="2019-05-25T18:09:05Z" finished-at="2019-05-25T18:09:06Z">
          <reporter-output>
          </reporter-output>
        </test-method> <!-- setUpClass -->
        <test-method status="PASS" signature="feature(cucumber.api.testng.CucumberFeatureWrapper)[pri:0, instance:TestRunner.TestRunner@7c0e2abd]" name="feature" duration-ms="21617" started-at="2019-05-25T18:09:06Z" description="Runs Cucumber Feature" data-provider="features" finished-at="2019-05-25T18:09:28Z">
          <params>
            <param index="0">
              <value>
                <![CDATA[Google Search]]>
              </value>
            </param>
          </params>
          <reporter-output>
          </reporter-output>
        </test-method> <!-- feature -->
        <test-method status="PASS" signature="tearDownClass()[pri:0, instance:TestRunner.TestRunner@7c0e2abd]" name="tearDownClass" is-config="true" duration-ms="215" started-at="2019-05-25T18:09:28Z" finished-at="2019-05-25T18:09:28Z">
          <reporter-output>
          </reporter-output>
        </test-method> <!-- tearDownClass -->
      </class> <!-- TestRunner.TestRunner -->
    </test> <!-- Surefire test -->
  </suite> <!-- Surefire suite -->
</testng-results>
