<?xml version="1.0" encoding="UTF-8"?>
<testsuite xmlns:xsi="http://www.w3.org/2001/XMLSchema-instance" xsi:noNamespaceSchemaLocation="https://maven.apache.org/surefire/maven-surefire-plugin/xsd/surefire-test-report-3.0.xsd" version="3.0" name="TestRunner.TestRunner" time="25.303" tests="1" errors="0" skipped="0" failures="1">
  <properties>
[...]
</properties>
  <testcase name="feature" classname="TestRunner.TestRunner" time="22.666">
    <failure message="org.openqa.selenium.NoSuchSessionException: invalid session id&#10;  (Driver info: chromedriver=74.0.3729.6 (255758eccf3d244491b8a1317aa76e1ce10d57e9-refs/branch-heads/3729@{#29}),platform=Windows NT 10.0.17134 x86_64) (WARNING: The server did not provide any stacktrace information)&#10;Command duration or timeout: 299 milliseconds&#10;Build info: version: &apos;3.0.1&apos;, revision: &apos;1969d75&apos;, time: &apos;2016-10-18 09:49:13 -0700&apos;&#10;System info: host: &apos;wale-pc&apos;, ip: &apos;192.168.15.223&apos;, os.name: &apos;Windows 10&apos;, os.arch: &apos;amd64&apos;, os.version: &apos;10.0&apos;, java.version: &apos;1.8.0_201&apos;&#10;Driver info: org.openqa.selenium.chrome.ChromeDriver&#10;Capabilities [{message=session not created: This version of ChromeDriver only supports Chrome version 74&#10;  (Driver info: chromedriver=74.0.3729.6 (255758eccf3d244491b8a1317aa76e1ce10d57e9-refs/branch-heads/3729@{#29}),platform=Windows NT 10.0.17134 x86_64), platform=ANY}]&#10;Session ID: b01212e70359ce2f9156883c08a7ff0b" type="cucumber.runtime.CucumberException">cucumber.runtime.CucumberException: 
org.openqa.selenium.NoSuchSessionException: invalid session id
  (Driver info: chromedriver=74.0.3729.6 (255758eccf3d244491b8a1317aa76e1ce10d57e9-refs/branch-heads/3729@{#29}),platform=Windows NT 10.0.17134 x86_64) (WARNING: The server did not provide any stacktrace information)
Command duration or timeout: 299 milliseconds
Build info: version: '3.0.1', revision: '1969d75', time: '2016-10-18 09:49:13 -0700'
System info: host: 'wale-pc', ip: '192.168.15.223', os.name: 'Windows 10', os.arch: 'amd64', os.version: '10.0', java.version: '1.8.0_201'
Driver info: org.openqa.selenium.chrome.ChromeDriver
Capabilities [{message=session not created: This version of ChromeDriver only supports Chrome version 74
  (Driver info: chromedriver=74.0.3729.6 (255758eccf3d244491b8a1317aa76e1ce10d57e9-refs/branch-heads/3729@{#29}),platform=Windows NT 10.0.17134 x86_64), platform=ANY}]
Session ID: b01212e70359ce2f9156883c08a7ff0b
	at TestRunner.TestRunner.feature(TestRunner.java:31)
Caused by: org.openqa.selenium.NoSuchSessionException: 
invalid session id
  (Driver info: chromedriver=74.0.3729.6 (255758eccf3d244491b8a1317aa76e1ce10d57e9-refs/branch-heads/3729@{#29}),platform=Windows NT 10.0.17134 x86_64) (WARNING: The server did not provide any stacktrace information)
Command duration or timeout: 299 milliseconds
Build info: version: '3.0.1', revision: '1969d75', time: '2016-10-18 09:49:13 -0700'
System info: host: 'wale-pc', ip: '192.168.15.223', os.name: 'Windows 10', os.arch: 'amd64', os.version: '10.0', java.version: '1.8.0_201'
Driver info: org.openqa.selenium.chrome.ChromeDriver
Capabilities [{message=session not created: This version of ChromeDriver only supports Chrome version 74
  (Driver info: chromedriver=74.0.3729.6 (255758eccf3d244491b8a1317aa76e1ce10d57e9-refs/branch-heads/3729@{#29}),platform=Windows NT 10.0.17134 x86_64), platform=ANY}]
Session ID: b01212e70359ce2f9156883c08a7ff0b
</failure>
    <system-out><![CDATA[Feature: Google Search
  As a google search user
  I want to search for information I need
  So that Iam better informed

  Scenario: Search for an item                                          &amp#27;[90m# search.feature:6&amp#27;[0m
    &amp#27;[31mGiven &amp#27;[0m&amp#27;[31mI am on Google Search Page&amp#27;[0m                                    &amp#27;[90m# Search.i_am_on_Google_Search_Page()&amp#27;[0m
      &amp#27;[31morg.openqa.selenium.NoSuchSessionException: invalid session id
        (Driver info: chromedriver=74.0.3729.6 (255758eccf3d244491b8a1317aa76e1ce10d57e9-refs/branch-heads/3729@{#29}),platform=Windows NT 10.0.17134 x86_64) (WARNING: The server did not provide any stacktrace information)
      Command duration or timeout: 299 milliseconds
      Build info: version: '3.0.1', revision: '1969d75', time: '2016-10-18 09:49:13 -0700'
      System info: host: 'wale-pc', ip: '192.168.15.223', os.name: 'Windows 10', os.arch: 'amd64', os.version: '10.0', java.version: '1.8.0_201'
      Driver info: org.openqa.selenium.chrome.ChromeDriver
      Capabilities [{message=session not created: This version of ChromeDriver only supports Chrome version 74
        (Driver info: chromedriver=74.0.3729.6 (255758eccf3d244491b8a1317aa76e1ce10d57e9-refs/branch-heads/3729@{#29}),platform=Windows NT 10.0.17134 x86_64), platform=ANY}]
      Session ID: b01212e70359ce2f9156883c08a7ff0b
      	at sun.reflect.NativeConstructorAccessorImpl.newInstance0(Native Method)
      	at sun.reflect.NativeConstructorAccessorImpl.newInstance(NativeConstructorAccessorImpl.java:62)
      	at sun.reflect.DelegatingConstructorAccessorImpl.newInstance(DelegatingConstructorAccessorImpl.java:45)
      	at java.lang.reflect.Constructor.newInstance(Constructor.java:423)
      	at org.openqa.selenium.remote.ErrorHandler.createThrowable(ErrorHandler.java:216)
      	at org.openqa.selenium.remote.ErrorHandler.throwIfResponseFailed(ErrorHandler.java:168)
      	at org.openqa.selenium.remote.RemoteWebDriver.execute(RemoteWebDriver.java:635)
      	at org.openqa.selenium.remote.RemoteWebDriver.get(RemoteWebDriver.java:322)
      	at stepdefinition.Search.i_am_on_Google_Search_Page(Search.java:16)
      	at ?.Given I am on Google Search Page(search.feature:7)
      &amp#27;[0m
    &amp#27;[36mWhen &amp#27;[0m&amp#27;[36mi enter a search term "&amp#27;[0m&amp#27;[36m&amp#27;[1mAhmid&amp#27;[0m&amp#27;[36m"&amp#27;[0m                                  &amp#27;[90m# Search.i_enter_a_search_term(String)&amp#27;[0m
    &amp#27;[36mAnd &amp#27;[0m&amp#27;[36mI click on the search button&amp#27;[0m                                    &amp#27;[90m# Search.i_click_on_the_search_button()&amp#27;[0m
    &amp#27;[36mThen &amp#27;[0m&amp#27;[36mI should be shown a list of results relating to my search term&amp#27;[0m &amp#27;[90m# Search.i_should_be_shown_a_list_of_results_relating_to_my_search_term()&amp#27;[0m
]]></system-out>
    <system-err><![CDATA[Starting ChromeDriver 74.0.3729.6 (255758eccf3d244491b8a1317aa76e1ce10d57e9-refs/branch-heads/3729@{#29}) on port 20516
Only local connections are allowed.
Please protect ports used by ChromeDriver and related test frameworks to prevent access by malicious code.
Mar 30, 2019 8:01:40 PM org.openqa.selenium.remote.ProtocolHandshake createSession
INFO: Attempting bi-dialect session, assuming Postel's Law holds true on the remote end
Mar 30, 2019 8:01:58 PM org.openqa.selenium.remote.ProtocolHandshake createSession
INFO: Detected dialect: OSS
]]></system-err>
  </testcase>
</testsuite>